-------------------------------------------------------------------------------
Test set: TestSuite
-------------------------------------------------------------------------------
Tests run: 2, Failures: 1, Errors: 0, Skipped: 0, Time elapsed: 29.511 s <<< FAILURE! - in TestSuite
Framework.backendLoginTest.backendLogin  Time elapsed: 0.807 s  <<< FAILURE!
java.lang.AssertionError
	at Framework.backendLoginTest.backendLogin(backendLoginTest.java:31)

